<?xml version="1.0" encoding="UTF-8"?>
<!-- Generated by org.testng.reporters.JUnitXMLReporter -->
<testsuite ignored="0" hostname="Sarojpriya" failures="0" tests="5" name="Test2" time="165.048" errors="0" timestamp="2024-05-08T06:27:26 IST">
  <testcase classname="newpackage.Testcase1" name="amazon_search" time="0.023"/>
  <testcase classname="newpackage.TestCase2" name="amazon_click" time="0.004"/>
  <testcase classname="newpackage.TestCase3" name="amazon_auto" time="0.001"/>
  <testcase classname="newpackage.TestCase4" name="amazon_cart" time="0.003"/>
  <testcase classname="newpackage.TestCase5" name="amazon_new" time="0.005"/>
</testsuite> <!-- Test2 -->
