<?xml version="1.0" encoding="UTF-8"?>
<!-- Generated by org.testng.reporters.JUnitXMLReporter -->
<testsuite ignored="2" hostname="Sarojpriya" failures="0" tests="3" name="smoke test case" time="0.073" errors="0" timestamp="2024-05-08T06:38:09 IST">
  <testcase classname="TestNG.ManyClassesProgramm" name="testcase3" time="0.015"/>
  <testcase classname="TestNG.ManyClassesProgramm" name="testcase4" time="0.002"/>
  <testcase classname="TestNG.ManyClassesProgramm" name="testcase5" time="0.002"/>
  <testcase classname="TestNG.ManyClassesProgramm" name="testcase2" time="0.0">
    <ignored/>
  </testcase> <!-- testcase2 -->
  <testcase classname="TestNG.ManyClassesProgramm" name="testcase1" time="0.0">
    <ignored/>
  </testcase> <!-- testcase1 -->
</testsuite> <!-- smoke test case -->
