<?xml version="1.0" encoding="UTF-8"?>
<testng-results ignored="0" total="2" passed="2" failed="0" skipped="0">
  <reporter-output>
  </reporter-output>
  <suite started-at="2024-06-17T14:57:24 IST" name="Suite" finished-at="2024-06-17T14:57:49 IST" duration-ms="24805">
    <groups>
    </groups>
    <test started-at="2024-06-17T14:57:24 IST" name="Test" finished-at="2024-06-17T14:57:49 IST" duration-ms="24247">
      <class name="Assignment.LaunchFacebook">
        <test-method signature="launch_facebook(java.lang.String)[pri:0, instance:Assignment.LaunchFacebook@383bfa16]" started-at="2024-06-17T14:57:25 IST" name="launch_facebook" finished-at="2024-06-17T14:57:49 IST" duration-ms="24155" status="PASS">
          <params>
            <param index="0">
              <value>
                <![CDATA[chrome]]>
              </value>
            </param>
          </params>
          <reporter-output>
          </reporter-output>
        </test-method> <!-- launch_facebook -->
      </class> <!-- Assignment.LaunchFacebook -->
    </test> <!-- Test -->
    <test started-at="2024-06-17T14:57:24 IST" name="Test1" finished-at="2024-06-17T14:57:49 IST" duration-ms="24805">
      <class name="Assignment.LaunchFacebook">
        <test-method signature="launch_facebook(java.lang.String)[pri:0, instance:Assignment.LaunchFacebook@4310d43]" started-at="2024-06-17T14:57:25 IST" name="launch_facebook" finished-at="2024-06-17T14:57:49 IST" duration-ms="24735" status="PASS">
          <params>
            <param index="0">
              <value>
                <![CDATA[edge]]>
              </value>
            </param>
          </params>
          <reporter-output>
          </reporter-output>
        </test-method> <!-- launch_facebook -->
      </class> <!-- Assignment.LaunchFacebook -->
    </test> <!-- Test1 -->
  </suite> <!-- Suite -->
</testng-results>
